Not Found: /favicon.ico
Se crea un nuevo comentario en Post Prueba #4
contenido del comentario: Comentario de prueba

Se crea un nuevo comentario en Post Prueba #4
contenido del comentario: Comentario de prueba

Se crea un nuevo comentario en Post Prueba #4
contenido del comentario: Comentario de prueba 2

Se crea un nuevo comentario en Post Prueba #4
contenido del comentario: Comentario de prueba 4

Se crea un nuevo comentario en Post Prueba #4
contenido del comentario: pruba comentario

Internal Server Error: /blog/post/django
Traceback (most recent call last):
  File "C:\Users\Crislav10\virtual_env\django\lib\site-packages\django\core\handlers\exception.py", line 47, in inner
    response = get_response(request)
  File "C:\Users\Crislav10\virtual_env\django\lib\site-packages\django\core\handlers\base.py", line 181, in _get_response
    response = wrapped_callback(request, *callback_args, **callback_kwargs)
  File "C:\Users\Crislav10\virtual_env\django\lib\site-packages\django\views\generic\base.py", line 70, in view
    return self.dispatch(request, *args, **kwargs)
  File "C:\Users\Crislav10\virtual_env\django\lib\site-packages\django\views\generic\base.py", line 98, in dispatch
    return handler(request, *args, **kwargs)
  File "D:\Documentos\8. Desarrollo web\1.Proyecto_BLOG_Django\Pagina_Django\mysite\blog\views.py", line 94, in get
    return render(request,self.template_name,context)
  File "C:\Users\Crislav10\virtual_env\django\lib\site-packages\django\shortcuts.py", line 19, in render
    content = loader.render_to_string(template_name, context, request, using=using)
  File "C:\Users\Crislav10\virtual_env\django\lib\site-packages\django\template\loader.py", line 61, in render_to_string
    template = get_template(template_name, using=using)
  File "C:\Users\Crislav10\virtual_env\django\lib\site-packages\django\template\loader.py", line 15, in get_template
    return engine.get_template(template_name)
  File "C:\Users\Crislav10\virtual_env\django\lib\site-packages\django\template\backends\django.py", line 34, in get_template
    return Template(self.engine.get_template(template_name), self)
  File "C:\Users\Crislav10\virtual_env\django\lib\site-packages\django\template\engine.py", line 143, in get_template
    template, origin = self.find_template(template_name)
  File "C:\Users\Crislav10\virtual_env\django\lib\site-packages\django\template\engine.py", line 125, in find_template
    template = loader.get_template(name, skip=skip)
  File "C:\Users\Crislav10\virtual_env\django\lib\site-packages\django\template\loaders\base.py", line 29, in get_template
    return Template(
  File "C:\Users\Crislav10\virtual_env\django\lib\site-packages\django\template\base.py", line 155, in __init__
    self.nodelist = self.compile_nodelist()
  File "C:\Users\Crislav10\virtual_env\django\lib\site-packages\django\template\base.py", line 193, in compile_nodelist
    return parser.parse()
  File "C:\Users\Crislav10\virtual_env\django\lib\site-packages\django\template\base.py", line 478, in parse
    raise self.error(token, e)
  File "C:\Users\Crislav10\virtual_env\django\lib\site-packages\django\template\base.py", line 476, in parse
    compiled_result = compile_func(self, token)
  File "C:\Users\Crislav10\virtual_env\django\lib\site-packages\django\template\loader_tags.py", line 278, in do_extends
    nodelist = parser.parse()
  File "C:\Users\Crislav10\virtual_env\django\lib\site-packages\django\template\base.py", line 478, in parse
    raise self.error(token, e)
  File "C:\Users\Crislav10\virtual_env\django\lib\site-packages\django\template\base.py", line 476, in parse
    compiled_result = compile_func(self, token)
  File "C:\Users\Crislav10\virtual_env\django\lib\site-packages\django\template\loader_tags.py", line 216, in do_block
    nodelist = parser.parse(('endblock',))
  File "C:\Users\Crislav10\virtual_env\django\lib\site-packages\django\template\base.py", line 478, in parse
    raise self.error(token, e)
  File "C:\Users\Crislav10\virtual_env\django\lib\site-packages\django\template\base.py", line 476, in parse
    compiled_result = compile_func(self, token)
  File "C:\Users\Crislav10\virtual_env\django\lib\site-packages\django\template\defaulttags.py", line 965, in do_if
    nodelist = parser.parse(('elif', 'else', 'endif'))
  File "C:\Users\Crislav10\virtual_env\django\lib\site-packages\django\template\base.py", line 449, in parse
    raise self.error(token, e)
  File "C:\Users\Crislav10\virtual_env\django\lib\site-packages\django\template\base.py", line 447, in parse
    filter_expression = self.compile_filter(token.contents)
  File "C:\Users\Crislav10\virtual_env\django\lib\site-packages\django\template\base.py", line 563, in compile_filter
    return FilterExpression(token, self)
  File "C:\Users\Crislav10\virtual_env\django\lib\site-packages\django\template\base.py", line 662, in __init__
    raise TemplateSyntaxError("Could not parse the remainder: '%s' "
django.template.exceptions.TemplateSyntaxError: Could not parse the remainder: '::'d N Y'' from 'post.creacion_en|date::'d N Y''
Not Found: /favicon.ico
Not Found: /favicon.ico
